[19-Nov-2014 10:42:43 America/Sao_Paulo] PHP Fatal error:  Class 'pessoas' not found in C:\Users\Giancarlo\Documents\NetBeansProjects\PhpProject3\phpoofase2\public\paginas\cadastro.php on line 9
[19-Nov-2014 10:42:43 America/Sao_Paulo] PHP Fatal error:  Class 'pessoas' not found in C:\Users\Giancarlo\Documents\NetBeansProjects\PhpProject3\phpoofase2\public\paginas\cadastro.php on line 9
[19-Nov-2014 10:42:44 America/Sao_Paulo] PHP Fatal error:  Class 'pessoas' not found in C:\Users\Giancarlo\Documents\NetBeansProjects\PhpProject3\phpoofase2\public\paginas\cadastro.php on line 9
[19-Nov-2014 10:44:26 America/Sao_Paulo] PHP Fatal error:  Class 'src\app\classes\pessoas' not found in C:\Users\Giancarlo\Documents\NetBeansProjects\PhpProject3\phpoofase2\public\paginas\cadastro.php on line 11
[19-Nov-2014 10:45:15 America/Sao_Paulo] PHP Fatal error:  Class 'src\app\classes\pessoas' not found in C:\Users\Giancarlo\Documents\NetBeansProjects\PhpProject3\phpoofase2\public\paginas\cadastro.php on line 11
[19-Nov-2014 10:45:17 America/Sao_Paulo] PHP Fatal error:  Class 'src\app\classes\pessoas' not found in C:\Users\Giancarlo\Documents\NetBeansProjects\PhpProject3\phpoofase2\public\paginas\cadastro.php on line 11
[19-Nov-2014 10:50:49 America/Sao_Paulo] PHP Fatal error:  Class 'src\app\classes\Clientes' not found in C:\Users\Giancarlo\Documents\NetBeansProjects\PhpProject3\phpoofase2\public\paginas\cadastro.php on line 11
[19-Nov-2014 10:52:46 America/Sao_Paulo] PHP Fatal error:  Class 'Clientes' not found in C:\Users\Giancarlo\Documents\NetBeansProjects\PhpProject3\phpoofase2\public\paginas\cadastro.php on line 11
[19-Nov-2014 10:53:00 America/Sao_Paulo] PHP Fatal error:  Class 'src\app\classes\Clientes' not found in C:\Users\Giancarlo\Documents\NetBeansProjects\PhpProject3\phpoofase2\public\paginas\cadastro.php on line 11
[30-Nov-2014 12:06:35 America/Sao_Paulo] PHP Fatal error:  Call to a member function setTelContato() on a non-object in C:\Users\Giancarlo\Documents\NetBeansProjects\PhpProject3\phpoofase2\public\paginas\cadastro.php on line 13
[30-Nov-2014 12:07:08 America/Sao_Paulo] PHP Fatal error:  Class 'ClientesPessoasFisicas' not found in C:\Users\Giancarlo\Documents\NetBeansProjects\PhpProject3\phpoofase2\public\paginas\cadastro.php on line 10
[30-Nov-2014 12:08:48 America/Sao_Paulo] PHP Fatal error:  Call to a member function setTelContato() on a non-object in C:\Users\Giancarlo\Documents\NetBeansProjects\PhpProject3\phpoofase2\public\paginas\cadastro.php on line 13
[30-Nov-2014 12:09:05 America/Sao_Paulo] PHP Fatal error:  Call to a member function setCobrRua() on a non-object in C:\Users\Giancarlo\Documents\NetBeansProjects\PhpProject3\phpoofase2\public\paginas\cadastro.php on line 13
[30-Nov-2014 12:15:28 America/Sao_Paulo] PHP Fatal error:  Call to a member function setTelContato() on a non-object in C:\Users\Giancarlo\Documents\NetBeansProjects\PhpProject3\phpoofase2\public\paginas\cadastro.php on line 13
[30-Nov-2014 12:28:05 America/Sao_Paulo] PHP Warning:  ksort() expects parameter 1 to be array, null given in C:\Users\Giancarlo\Documents\NetBeansProjects\PhpProject3\phpoofase2\public\paginas\visualizar.php on line 15
[30-Nov-2014 12:28:05 America/Sao_Paulo] PHP Warning:  Invalid argument supplied for foreach() in C:\Users\Giancarlo\Documents\NetBeansProjects\PhpProject3\phpoofase2\public\paginas\visualizar.php on line 43
[30-Nov-2014 12:30:53 America/Sao_Paulo] PHP Fatal error:  Call to a member function setTelContato() on a non-object in C:\Users\Giancarlo\Documents\NetBeansProjects\PhpProject3\phpoofase2\public\paginas\cadastro.php on line 16
[30-Nov-2014 12:33:25 America/Sao_Paulo] PHP Fatal error:  Class src\app\classes\Clientes contains 1 abstract method and must therefore be declared abstract or implement the remaining methods (src\app\interfaces\clientesInterfaces::getTelContato) in C:\Users\Giancarlo\Documents\NetBeansProjects\PhpProject3\phpoofase2\src\app\classes\Clientes.php on line 157
[30-Nov-2014 12:36:05 America/Sao_Paulo] PHP Warning:  ksort() expects parameter 1 to be array, null given in C:\Users\Giancarlo\Documents\NetBeansProjects\PhpProject3\phpoofase2\public\paginas\visualizar.php on line 15
[30-Nov-2014 12:36:05 America/Sao_Paulo] PHP Warning:  Invalid argument supplied for foreach() in C:\Users\Giancarlo\Documents\NetBeansProjects\PhpProject3\phpoofase2\public\paginas\visualizar.php on line 43
[30-Nov-2014 12:38:42 America/Sao_Paulo] PHP Warning:  ksort() expects parameter 1 to be array, null given in C:\Users\Giancarlo\Documents\NetBeansProjects\PhpProject3\phpoofase2\public\paginas\visualizar.php on line 15
[30-Nov-2014 12:38:42 America/Sao_Paulo] PHP Warning:  Invalid argument supplied for foreach() in C:\Users\Giancarlo\Documents\NetBeansProjects\PhpProject3\phpoofase2\public\paginas\visualizar.php on line 43
[30-Nov-2014 12:47:46 America/Sao_Paulo] PHP Fatal error:  Interface 'src\app\interfaces\clientesInterfaces' not found in C:\Users\Giancarlo\Documents\NetBeansProjects\PhpProject3\phpoofase2\src\app\classes\Clientes.php on line 19
[30-Nov-2014 12:48:15 America/Sao_Paulo] PHP Warning:  Missing argument 12 for src\app\classes\Clientes::__construct(), called in C:\Users\Giancarlo\Documents\NetBeansProjects\PhpProject3\phpoofase2\public\paginas\cadastro.php on line 12 and defined in C:\Users\Giancarlo\Documents\NetBeansProjects\PhpProject3\phpoofase2\src\app\classes\Clientes.php on line 33
[30-Nov-2014 12:48:15 America/Sao_Paulo] PHP Warning:  Missing argument 13 for src\app\classes\Clientes::__construct(), called in C:\Users\Giancarlo\Documents\NetBeansProjects\PhpProject3\phpoofase2\public\paginas\cadastro.php on line 12 and defined in C:\Users\Giancarlo\Documents\NetBeansProjects\PhpProject3\phpoofase2\src\app\classes\Clientes.php on line 33
[30-Nov-2014 12:48:15 America/Sao_Paulo] PHP Notice:  Undefined variable: uf in C:\Users\Giancarlo\Documents\NetBeansProjects\PhpProject3\phpoofase2\src\app\classes\Clientes.php on line 45
[30-Nov-2014 12:48:15 America/Sao_Paulo] PHP Notice:  Undefined variable: grau in C:\Users\Giancarlo\Documents\NetBeansProjects\PhpProject3\phpoofase2\src\app\classes\Clientes.php on line 46
[30-Nov-2014 12:48:15 America/Sao_Paulo] PHP Warning:  Missing argument 12 for src\app\classes\Clientes::__construct(), called in C:\Users\Giancarlo\Documents\NetBeansProjects\PhpProject3\phpoofase2\public\paginas\cadastro.php on line 14 and defined in C:\Users\Giancarlo\Documents\NetBeansProjects\PhpProject3\phpoofase2\src\app\classes\Clientes.php on line 33
[30-Nov-2014 12:48:15 America/Sao_Paulo] PHP Warning:  Missing argument 13 for src\app\classes\Clientes::__construct(), called in C:\Users\Giancarlo\Documents\NetBeansProjects\PhpProject3\phpoofase2\public\paginas\cadastro.php on line 14 and defined in C:\Users\Giancarlo\Documents\NetBeansProjects\PhpProject3\phpoofase2\src\app\classes\Clientes.php on line 33
[30-Nov-2014 12:48:15 America/Sao_Paulo] PHP Notice:  Undefined variable: uf in C:\Users\Giancarlo\Documents\NetBeansProjects\PhpProject3\phpoofase2\src\app\classes\Clientes.php on line 45
[30-Nov-2014 12:48:15 America/Sao_Paulo] PHP Notice:  Undefined variable: grau in C:\Users\Giancarlo\Documents\NetBeansProjects\PhpProject3\phpoofase2\src\app\classes\Clientes.php on line 46
[30-Nov-2014 12:48:15 America/Sao_Paulo] PHP Warning:  Missing argument 12 for src\app\classes\Clientes::__construct(), called in C:\Users\Giancarlo\Documents\NetBeansProjects\PhpProject3\phpoofase2\public\paginas\cadastro.php on line 16 and defined in C:\Users\Giancarlo\Documents\NetBeansProjects\PhpProject3\phpoofase2\src\app\classes\Clientes.php on line 33
[30-Nov-2014 12:48:15 America/Sao_Paulo] PHP Warning:  Missing argument 13 for src\app\classes\Clientes::__construct(), called in C:\Users\Giancarlo\Documents\NetBeansProjects\PhpProject3\phpoofase2\public\paginas\cadastro.php on line 16 and defined in C:\Users\Giancarlo\Documents\NetBeansProjects\PhpProject3\phpoofase2\src\app\classes\Clientes.php on line 33
[30-Nov-2014 12:48:15 America/Sao_Paulo] PHP Notice:  Undefined variable: uf in C:\Users\Giancarlo\Documents\NetBeansProjects\PhpProject3\phpoofase2\src\app\classes\Clientes.php on line 45
[30-Nov-2014 12:48:15 America/Sao_Paulo] PHP Notice:  Undefined variable: grau in C:\Users\Giancarlo\Documents\NetBeansProjects\PhpProject3\phpoofase2\src\app\classes\Clientes.php on line 46
[30-Nov-2014 12:48:15 America/Sao_Paulo] PHP Warning:  Missing argument 12 for src\app\classes\Clientes::__construct(), called in C:\Users\Giancarlo\Documents\NetBeansProjects\PhpProject3\phpoofase2\public\paginas\cadastro.php on line 18 and defined in C:\Users\Giancarlo\Documents\NetBeansProjects\PhpProject3\phpoofase2\src\app\classes\Clientes.php on line 33
[30-Nov-2014 12:48:15 America/Sao_Paulo] PHP Warning:  Missing argument 13 for src\app\classes\Clientes::__construct(), called in C:\Users\Giancarlo\Documents\NetBeansProjects\PhpProject3\phpoofase2\public\paginas\cadastro.php on line 18 and defined in C:\Users\Giancarlo\Documents\NetBeansProjects\PhpProject3\phpoofase2\src\app\classes\Clientes.php on line 33
[30-Nov-2014 12:48:15 America/Sao_Paulo] PHP Notice:  Undefined variable: uf in C:\Users\Giancarlo\Documents\NetBeansProjects\PhpProject3\phpoofase2\src\app\classes\Clientes.php on line 45
[30-Nov-2014 12:48:15 America/Sao_Paulo] PHP Notice:  Undefined variable: grau in C:\Users\Giancarlo\Documents\NetBeansProjects\PhpProject3\phpoofase2\src\app\classes\Clientes.php on line 46
[30-Nov-2014 12:48:15 America/Sao_Paulo] PHP Warning:  Missing argument 12 for src\app\classes\Clientes::__construct(), called in C:\Users\Giancarlo\Documents\NetBeansProjects\PhpProject3\phpoofase2\public\paginas\cadastro.php on line 20 and defined in C:\Users\Giancarlo\Documents\NetBeansProjects\PhpProject3\phpoofase2\src\app\classes\Clientes.php on line 33
[30-Nov-2014 12:48:15 America/Sao_Paulo] PHP Warning:  Missing argument 13 for src\app\classes\Clientes::__construct(), called in C:\Users\Giancarlo\Documents\NetBeansProjects\PhpProject3\phpoofase2\public\paginas\cadastro.php on line 20 and defined in C:\Users\Giancarlo\Documents\NetBeansProjects\PhpProject3\phpoofase2\src\app\classes\Clientes.php on line 33
[30-Nov-2014 12:48:15 America/Sao_Paulo] PHP Notice:  Undefined variable: uf in C:\Users\Giancarlo\Documents\NetBeansProjects\PhpProject3\phpoofase2\src\app\classes\Clientes.php on line 45
[30-Nov-2014 12:48:15 America/Sao_Paulo] PHP Notice:  Undefined variable: grau in C:\Users\Giancarlo\Documents\NetBeansProjects\PhpProject3\phpoofase2\src\app\classes\Clientes.php on line 46
[30-Nov-2014 12:48:15 America/Sao_Paulo] PHP Warning:  Missing argument 12 for src\app\classes\Clientes::__construct(), called in C:\Users\Giancarlo\Documents\NetBeansProjects\PhpProject3\phpoofase2\public\paginas\cadastro.php on line 22 and defined in C:\Users\Giancarlo\Documents\NetBeansProjects\PhpProject3\phpoofase2\src\app\classes\Clientes.php on line 33
[30-Nov-2014 12:48:15 America/Sao_Paulo] PHP Warning:  Missing argument 13 for src\app\classes\Clientes::__construct(), called in C:\Users\Giancarlo\Documents\NetBeansProjects\PhpProject3\phpoofase2\public\paginas\cadastro.php on line 22 and defined in C:\Users\Giancarlo\Documents\NetBeansProjects\PhpProject3\phpoofase2\src\app\classes\Clientes.php on line 33
[30-Nov-2014 12:48:15 America/Sao_Paulo] PHP Notice:  Undefined variable: uf in C:\Users\Giancarlo\Documents\NetBeansProjects\PhpProject3\phpoofase2\src\app\classes\Clientes.php on line 45
[30-Nov-2014 12:48:15 America/Sao_Paulo] PHP Notice:  Undefined variable: grau in C:\Users\Giancarlo\Documents\NetBeansProjects\PhpProject3\phpoofase2\src\app\classes\Clientes.php on line 46
[30-Nov-2014 12:48:15 America/Sao_Paulo] PHP Warning:  Missing argument 12 for src\app\classes\Clientes::__construct(), called in C:\Users\Giancarlo\Documents\NetBeansProjects\PhpProject3\phpoofase2\public\paginas\cadastro.php on line 24 and defined in C:\Users\Giancarlo\Documents\NetBeansProjects\PhpProject3\phpoofase2\src\app\classes\Clientes.php on line 33
[30-Nov-2014 12:48:15 America/Sao_Paulo] PHP Warning:  Missing argument 13 for src\app\classes\Clientes::__construct(), called in C:\Users\Giancarlo\Documents\NetBeansProjects\PhpProject3\phpoofase2\public\paginas\cadastro.php on line 24 and defined in C:\Users\Giancarlo\Documents\NetBeansProjects\PhpProject3\phpoofase2\src\app\classes\Clientes.php on line 33
[30-Nov-2014 12:48:15 America/Sao_Paulo] PHP Notice:  Undefined variable: uf in C:\Users\Giancarlo\Documents\NetBeansProjects\PhpProject3\phpoofase2\src\app\classes\Clientes.php on line 45
[30-Nov-2014 12:48:15 America/Sao_Paulo] PHP Notice:  Undefined variable: grau in C:\Users\Giancarlo\Documents\NetBeansProjects\PhpProject3\phpoofase2\src\app\classes\Clientes.php on line 46
[30-Nov-2014 12:48:15 America/Sao_Paulo] PHP Warning:  Missing argument 12 for src\app\classes\Clientes::__construct(), called in C:\Users\Giancarlo\Documents\NetBeansProjects\PhpProject3\phpoofase2\public\paginas\cadastro.php on line 26 and defined in C:\Users\Giancarlo\Documents\NetBeansProjects\PhpProject3\phpoofase2\src\app\classes\Clientes.php on line 33
[30-Nov-2014 12:48:15 America/Sao_Paulo] PHP Warning:  Missing argument 13 for src\app\classes\Clientes::__construct(), called in C:\Users\Giancarlo\Documents\NetBeansProjects\PhpProject3\phpoofase2\public\paginas\cadastro.php on line 26 and defined in C:\Users\Giancarlo\Documents\NetBeansProjects\PhpProject3\phpoofase2\src\app\classes\Clientes.php on line 33
[30-Nov-2014 12:48:15 America/Sao_Paulo] PHP Notice:  Undefined variable: uf in C:\Users\Giancarlo\Documents\NetBeansProjects\PhpProject3\phpoofase2\src\app\classes\Clientes.php on line 45
[30-Nov-2014 12:48:15 America/Sao_Paulo] PHP Notice:  Undefined variable: grau in C:\Users\Giancarlo\Documents\NetBeansProjects\PhpProject3\phpoofase2\src\app\classes\Clientes.php on line 46
[30-Nov-2014 12:48:15 America/Sao_Paulo] PHP Warning:  Missing argument 12 for src\app\classes\Clientes::__construct(), called in C:\Users\Giancarlo\Documents\NetBeansProjects\PhpProject3\phpoofase2\public\paginas\cadastro.php on line 28 and defined in C:\Users\Giancarlo\Documents\NetBeansProjects\PhpProject3\phpoofase2\src\app\classes\Clientes.php on line 33
[30-Nov-2014 12:48:15 America/Sao_Paulo] PHP Warning:  Missing argument 13 for src\app\classes\Clientes::__construct(), called in C:\Users\Giancarlo\Documents\NetBeansProjects\PhpProject3\phpoofase2\public\paginas\cadastro.php on line 28 and defined in C:\Users\Giancarlo\Documents\NetBeansProjects\PhpProject3\phpoofase2\src\app\classes\Clientes.php on line 33
[30-Nov-2014 12:48:15 America/Sao_Paulo] PHP Notice:  Undefined variable: uf in C:\Users\Giancarlo\Documents\NetBeansProjects\PhpProject3\phpoofase2\src\app\classes\Clientes.php on line 45
[30-Nov-2014 12:48:15 America/Sao_Paulo] PHP Notice:  Undefined variable: grau in C:\Users\Giancarlo\Documents\NetBeansProjects\PhpProject3\phpoofase2\src\app\classes\Clientes.php on line 46
[30-Nov-2014 12:48:15 America/Sao_Paulo] PHP Warning:  Missing argument 12 for src\app\classes\Clientes::__construct(), called in C:\Users\Giancarlo\Documents\NetBeansProjects\PhpProject3\phpoofase2\public\paginas\cadastro.php on line 30 and defined in C:\Users\Giancarlo\Documents\NetBeansProjects\PhpProject3\phpoofase2\src\app\classes\Clientes.php on line 33
[30-Nov-2014 12:48:15 America/Sao_Paulo] PHP Warning:  Missing argument 13 for src\app\classes\Clientes::__construct(), called in C:\Users\Giancarlo\Documents\NetBeansProjects\PhpProject3\phpoofase2\public\paginas\cadastro.php on line 30 and defined in C:\Users\Giancarlo\Documents\NetBeansProjects\PhpProject3\phpoofase2\src\app\classes\Clientes.php on line 33
[30-Nov-2014 12:48:15 America/Sao_Paulo] PHP Notice:  Undefined variable: uf in C:\Users\Giancarlo\Documents\NetBeansProjects\PhpProject3\phpoofase2\src\app\classes\Clientes.php on line 45
[30-Nov-2014 12:48:15 America/Sao_Paulo] PHP Notice:  Undefined variable: grau in C:\Users\Giancarlo\Documents\NetBeansProjects\PhpProject3\phpoofase2\src\app\classes\Clientes.php on line 46
[30-Nov-2014 12:48:48 America/Sao_Paulo] PHP Warning:  Missing argument 12 for src\app\classes\Clientes::__construct(), called in C:\Users\Giancarlo\Documents\NetBeansProjects\PhpProject3\phpoofase2\public\paginas\cadastro.php on line 12 and defined in C:\Users\Giancarlo\Documents\NetBeansProjects\PhpProject3\phpoofase2\src\app\classes\Clientes.php on line 33
[30-Nov-2014 12:48:48 America/Sao_Paulo] PHP Warning:  Missing argument 13 for src\app\classes\Clientes::__construct(), called in C:\Users\Giancarlo\Documents\NetBeansProjects\PhpProject3\phpoofase2\public\paginas\cadastro.php on line 12 and defined in C:\Users\Giancarlo\Documents\NetBeansProjects\PhpProject3\phpoofase2\src\app\classes\Clientes.php on line 33
[30-Nov-2014 12:48:48 America/Sao_Paulo] PHP Notice:  Undefined variable: uf in C:\Users\Giancarlo\Documents\NetBeansProjects\PhpProject3\phpoofase2\src\app\classes\Clientes.php on line 45
[30-Nov-2014 12:48:48 America/Sao_Paulo] PHP Notice:  Undefined variable: grau in C:\Users\Giancarlo\Documents\NetBeansProjects\PhpProject3\phpoofase2\src\app\classes\Clientes.php on line 46
[30-Nov-2014 12:48:48 America/Sao_Paulo] PHP Warning:  Missing argument 12 for src\app\classes\Clientes::__construct(), called in C:\Users\Giancarlo\Documents\NetBeansProjects\PhpProject3\phpoofase2\public\paginas\cadastro.php on line 14 and defined in C:\Users\Giancarlo\Documents\NetBeansProjects\PhpProject3\phpoofase2\src\app\classes\Clientes.php on line 33
[30-Nov-2014 12:48:48 America/Sao_Paulo] PHP Warning:  Missing argument 13 for src\app\classes\Clientes::__construct(), called in C:\Users\Giancarlo\Documents\NetBeansProjects\PhpProject3\phpoofase2\public\paginas\cadastro.php on line 14 and defined in C:\Users\Giancarlo\Documents\NetBeansProjects\PhpProject3\phpoofase2\src\app\classes\Clientes.php on line 33
[30-Nov-2014 12:48:48 America/Sao_Paulo] PHP Notice:  Undefined variable: uf in C:\Users\Giancarlo\Documents\NetBeansProjects\PhpProject3\phpoofase2\src\app\classes\Clientes.php on line 45
[30-Nov-2014 12:48:48 America/Sao_Paulo] PHP Notice:  Undefined variable: grau in C:\Users\Giancarlo\Documents\NetBeansProjects\PhpProject3\phpoofase2\src\app\classes\Clientes.php on line 46
[30-Nov-2014 12:48:48 America/Sao_Paulo] PHP Warning:  Missing argument 12 for src\app\classes\Clientes::__construct(), called in C:\Users\Giancarlo\Documents\NetBeansProjects\PhpProject3\phpoofase2\public\paginas\cadastro.php on line 16 and defined in C:\Users\Giancarlo\Documents\NetBeansProjects\PhpProject3\phpoofase2\src\app\classes\Clientes.php on line 33
[30-Nov-2014 12:48:48 America/Sao_Paulo] PHP Warning:  Missing argument 13 for src\app\classes\Clientes::__construct(), called in C:\Users\Giancarlo\Documents\NetBeansProjects\PhpProject3\phpoofase2\public\paginas\cadastro.php on line 16 and defined in C:\Users\Giancarlo\Documents\NetBeansProjects\PhpProject3\phpoofase2\src\app\classes\Clientes.php on line 33
[30-Nov-2014 12:48:48 America/Sao_Paulo] PHP Notice:  Undefined variable: uf in C:\Users\Giancarlo\Documents\NetBeansProjects\PhpProject3\phpoofase2\src\app\classes\Clientes.php on line 45
[30-Nov-2014 12:48:48 America/Sao_Paulo] PHP Notice:  Undefined variable: grau in C:\Users\Giancarlo\Documents\NetBeansProjects\PhpProject3\phpoofase2\src\app\classes\Clientes.php on line 46
[30-Nov-2014 12:48:48 America/Sao_Paulo] PHP Warning:  Missing argument 12 for src\app\classes\Clientes::__construct(), called in C:\Users\Giancarlo\Documents\NetBeansProjects\PhpProject3\phpoofase2\public\paginas\cadastro.php on line 18 and defined in C:\Users\Giancarlo\Documents\NetBeansProjects\PhpProject3\phpoofase2\src\app\classes\Clientes.php on line 33
[30-Nov-2014 12:48:48 America/Sao_Paulo] PHP Warning:  Missing argument 13 for src\app\classes\Clientes::__construct(), called in C:\Users\Giancarlo\Documents\NetBeansProjects\PhpProject3\phpoofase2\public\paginas\cadastro.php on line 18 and defined in C:\Users\Giancarlo\Documents\NetBeansProjects\PhpProject3\phpoofase2\src\app\classes\Clientes.php on line 33
[30-Nov-2014 12:48:48 America/Sao_Paulo] PHP Notice:  Undefined variable: uf in C:\Users\Giancarlo\Documents\NetBeansProjects\PhpProject3\phpoofase2\src\app\classes\Clientes.php on line 45
[30-Nov-2014 12:48:48 America/Sao_Paulo] PHP Notice:  Undefined variable: grau in C:\Users\Giancarlo\Documents\NetBeansProjects\PhpProject3\phpoofase2\src\app\classes\Clientes.php on line 46
[30-Nov-2014 12:48:48 America/Sao_Paulo] PHP Warning:  Missing argument 12 for src\app\classes\Clientes::__construct(), called in C:\Users\Giancarlo\Documents\NetBeansProjects\PhpProject3\phpoofase2\public\paginas\cadastro.php on line 20 and defined in C:\Users\Giancarlo\Documents\NetBeansProjects\PhpProject3\phpoofase2\src\app\classes\Clientes.php on line 33
[30-Nov-2014 12:48:48 America/Sao_Paulo] PHP Warning:  Missing argument 13 for src\app\classes\Clientes::__construct(), called in C:\Users\Giancarlo\Documents\NetBeansProjects\PhpProject3\phpoofase2\public\paginas\cadastro.php on line 20 and defined in C:\Users\Giancarlo\Documents\NetBeansProjects\PhpProject3\phpoofase2\src\app\classes\Clientes.php on line 33
[30-Nov-2014 12:48:48 America/Sao_Paulo] PHP Notice:  Undefined variable: uf in C:\Users\Giancarlo\Documents\NetBeansProjects\PhpProject3\phpoofase2\src\app\classes\Clientes.php on line 45
[30-Nov-2014 12:48:48 America/Sao_Paulo] PHP Notice:  Undefined variable: grau in C:\Users\Giancarlo\Documents\NetBeansProjects\PhpProject3\phpoofase2\src\app\classes\Clientes.php on line 46
[30-Nov-2014 12:48:48 America/Sao_Paulo] PHP Warning:  Missing argument 12 for src\app\classes\Clientes::__construct(), called in C:\Users\Giancarlo\Documents\NetBeansProjects\PhpProject3\phpoofase2\public\paginas\cadastro.php on line 22 and defined in C:\Users\Giancarlo\Documents\NetBeansProjects\PhpProject3\phpoofase2\src\app\classes\Clientes.php on line 33
[30-Nov-2014 12:48:48 America/Sao_Paulo] PHP Warning:  Missing argument 13 for src\app\classes\Clientes::__construct(), called in C:\Users\Giancarlo\Documents\NetBeansProjects\PhpProject3\phpoofase2\public\paginas\cadastro.php on line 22 and defined in C:\Users\Giancarlo\Documents\NetBeansProjects\PhpProject3\phpoofase2\src\app\classes\Clientes.php on line 33
[30-Nov-2014 12:48:48 America/Sao_Paulo] PHP Notice:  Undefined variable: uf in C:\Users\Giancarlo\Documents\NetBeansProjects\PhpProject3\phpoofase2\src\app\classes\Clientes.php on line 45
[30-Nov-2014 12:48:48 America/Sao_Paulo] PHP Notice:  Undefined variable: grau in C:\Users\Giancarlo\Documents\NetBeansProjects\PhpProject3\phpoofase2\src\app\classes\Clientes.php on line 46
[30-Nov-2014 12:48:48 America/Sao_Paulo] PHP Warning:  Missing argument 12 for src\app\classes\Clientes::__construct(), called in C:\Users\Giancarlo\Documents\NetBeansProjects\PhpProject3\phpoofase2\public\paginas\cadastro.php on line 24 and defined in C:\Users\Giancarlo\Documents\NetBeansProjects\PhpProject3\phpoofase2\src\app\classes\Clientes.php on line 33
[30-Nov-2014 12:48:48 America/Sao_Paulo] PHP Warning:  Missing argument 13 for src\app\classes\Clientes::__construct(), called in C:\Users\Giancarlo\Documents\NetBeansProjects\PhpProject3\phpoofase2\public\paginas\cadastro.php on line 24 and defined in C:\Users\Giancarlo\Documents\NetBeansProjects\PhpProject3\phpoofase2\src\app\classes\Clientes.php on line 33
[30-Nov-2014 12:48:48 America/Sao_Paulo] PHP Notice:  Undefined variable: uf in C:\Users\Giancarlo\Documents\NetBeansProjects\PhpProject3\phpoofase2\src\app\classes\Clientes.php on line 45
[30-Nov-2014 12:48:48 America/Sao_Paulo] PHP Notice:  Undefined variable: grau in C:\Users\Giancarlo\Documents\NetBeansProjects\PhpProject3\phpoofase2\src\app\classes\Clientes.php on line 46
[30-Nov-2014 12:48:48 America/Sao_Paulo] PHP Warning:  Missing argument 12 for src\app\classes\Clientes::__construct(), called in C:\Users\Giancarlo\Documents\NetBeansProjects\PhpProject3\phpoofase2\public\paginas\cadastro.php on line 26 and defined in C:\Users\Giancarlo\Documents\NetBeansProjects\PhpProject3\phpoofase2\src\app\classes\Clientes.php on line 33
[30-Nov-2014 12:48:48 America/Sao_Paulo] PHP Warning:  Missing argument 13 for src\app\classes\Clientes::__construct(), called in C:\Users\Giancarlo\Documents\NetBeansProjects\PhpProject3\phpoofase2\public\paginas\cadastro.php on line 26 and defined in C:\Users\Giancarlo\Documents\NetBeansProjects\PhpProject3\phpoofase2\src\app\classes\Clientes.php on line 33
[30-Nov-2014 12:48:48 America/Sao_Paulo] PHP Notice:  Undefined variable: uf in C:\Users\Giancarlo\Documents\NetBeansProjects\PhpProject3\phpoofase2\src\app\classes\Clientes.php on line 45
[30-Nov-2014 12:48:48 America/Sao_Paulo] PHP Notice:  Undefined variable: grau in C:\Users\Giancarlo\Documents\NetBeansProjects\PhpProject3\phpoofase2\src\app\classes\Clientes.php on line 46
[30-Nov-2014 12:48:48 America/Sao_Paulo] PHP Warning:  Missing argument 12 for src\app\classes\Clientes::__construct(), called in C:\Users\Giancarlo\Documents\NetBeansProjects\PhpProject3\phpoofase2\public\paginas\cadastro.php on line 28 and defined in C:\Users\Giancarlo\Documents\NetBeansProjects\PhpProject3\phpoofase2\src\app\classes\Clientes.php on line 33
[30-Nov-2014 12:48:48 America/Sao_Paulo] PHP Warning:  Missing argument 13 for src\app\classes\Clientes::__construct(), called in C:\Users\Giancarlo\Documents\NetBeansProjects\PhpProject3\phpoofase2\public\paginas\cadastro.php on line 28 and defined in C:\Users\Giancarlo\Documents\NetBeansProjects\PhpProject3\phpoofase2\src\app\classes\Clientes.php on line 33
[30-Nov-2014 12:48:48 America/Sao_Paulo] PHP Notice:  Undefined variable: uf in C:\Users\Giancarlo\Documents\NetBeansProjects\PhpProject3\phpoofase2\src\app\classes\Clientes.php on line 45
[30-Nov-2014 12:48:48 America/Sao_Paulo] PHP Notice:  Undefined variable: grau in C:\Users\Giancarlo\Documents\NetBeansProjects\PhpProject3\phpoofase2\src\app\classes\Clientes.php on line 46
[30-Nov-2014 12:48:48 America/Sao_Paulo] PHP Warning:  Missing argument 12 for src\app\classes\Clientes::__construct(), called in C:\Users\Giancarlo\Documents\NetBeansProjects\PhpProject3\phpoofase2\public\paginas\cadastro.php on line 30 and defined in C:\Users\Giancarlo\Documents\NetBeansProjects\PhpProject3\phpoofase2\src\app\classes\Clientes.php on line 33
[30-Nov-2014 12:48:48 America/Sao_Paulo] PHP Warning:  Missing argument 13 for src\app\classes\Clientes::__construct(), called in C:\Users\Giancarlo\Documents\NetBeansProjects\PhpProject3\phpoofase2\public\paginas\cadastro.php on line 30 and defined in C:\Users\Giancarlo\Documents\NetBeansProjects\PhpProject3\phpoofase2\src\app\classes\Clientes.php on line 33
[30-Nov-2014 12:48:48 America/Sao_Paulo] PHP Notice:  Undefined variable: uf in C:\Users\Giancarlo\Documents\NetBeansProjects\PhpProject3\phpoofase2\src\app\classes\Clientes.php on line 45
[30-Nov-2014 12:48:48 America/Sao_Paulo] PHP Notice:  Undefined variable: grau in C:\Users\Giancarlo\Documents\NetBeansProjects\PhpProject3\phpoofase2\src\app\classes\Clientes.php on line 46
[30-Nov-2014 12:50:15 America/Sao_Paulo] PHP Fatal error:  Call to undefined method src\app\classes\Clientes::getPfoupj() in C:\Users\Giancarlo\Documents\NetBeansProjects\PhpProject3\phpoofase2\public\paginas\visualizar.php on line 49
[30-Nov-2014 13:16:28 America/Sao_Paulo] PHP Fatal error:  Interface 'clientesInterfaces' not found in C:\Users\Giancarlo\Documents\NetBeansProjects\PhpProject3\phpoofase2\src\app\classes\Clientes.php on line 17
[30-Nov-2014 13:22:44 America/Sao_Paulo] PHP Fatal error:  Interface 'src\app\interfaces\clientesInterfaces' not found in C:\Users\Giancarlo\Documents\NetBeansProjects\PhpProject3\phpoofase2\src\app\classes\Clientes.php on line 18
[30-Nov-2014 13:24:20 America/Sao_Paulo] PHP Fatal error:  Interface 'src\app\interfaces\clientesInterfaces' not found in C:\Users\Giancarlo\Documents\NetBeansProjects\PhpProject3\phpoofase2\src\app\classes\Clientes.php on line 18
[30-Nov-2014 15:37:12 America/Sao_Paulo] PHP Fatal error:  Call to a member function setTelContato() on a non-object in C:\Users\Giancarlo\Documents\NetBeansProjects\PhpProject3\phpoofase2\public\paginas\cadastro.php on line 16
[30-Nov-2014 15:37:37 America/Sao_Paulo] PHP Fatal error:  Call to a member function setCobrRua() on a non-object in C:\Users\Giancarlo\Documents\NetBeansProjects\PhpProject3\phpoofase2\public\paginas\cadastro.php on line 16
[30-Nov-2014 15:38:39 America/Sao_Paulo] PHP Fatal error:  Call to a member function setCobrRua() on a non-object in C:\Users\Giancarlo\Documents\NetBeansProjects\PhpProject3\phpoofase2\public\paginas\cadastro.php on line 16
[30-Nov-2014 15:38:43 America/Sao_Paulo] PHP Fatal error:  Call to a member function setCobrRua() on a non-object in C:\Users\Giancarlo\Documents\NetBeansProjects\PhpProject3\phpoofase2\public\paginas\cadastro.php on line 16
[30-Nov-2014 15:48:49 America/Sao_Paulo] PHP Fatal error:  Call to a member function getCobrUf() on a non-object in C:\Users\Giancarlo\Documents\NetBeansProjects\PhpProject3\phpoofase2\public\paginas\cadastro.php on line 16
[30-Nov-2014 15:58:39 America/Sao_Paulo] PHP Notice:  Undefined variable: clientes in C:\Users\Giancarlo\Documents\NetBeansProjects\PhpProject3\phpoofase2\public\paginas\cadastro.php on line 15
[30-Nov-2014 15:58:39 America/Sao_Paulo] PHP Fatal error:  Call to a member function setCelular() on a non-object in C:\Users\Giancarlo\Documents\NetBeansProjects\PhpProject3\phpoofase2\public\paginas\cadastro.php on line 15
[30-Nov-2014 15:59:25 America/Sao_Paulo] PHP Notice:  Undefined variable: clientes in C:\Users\Giancarlo\Documents\NetBeansProjects\PhpProject3\phpoofase2\public\paginas\cadastro.php on line 15
[30-Nov-2014 15:59:25 America/Sao_Paulo] PHP Fatal error:  Call to a member function setTelContato() on a non-object in C:\Users\Giancarlo\Documents\NetBeansProjects\PhpProject3\phpoofase2\public\paginas\cadastro.php on line 15
[30-Nov-2014 16:02:08 America/Sao_Paulo] PHP Notice:  Undefined variable: clientes in C:\Users\Giancarlo\Documents\NetBeansProjects\PhpProject3\phpoofase2\public\paginas\cadastro.php on line 15
[30-Nov-2014 16:02:08 America/Sao_Paulo] PHP Fatal error:  Call to a member function setTelContato() on a non-object in C:\Users\Giancarlo\Documents\NetBeansProjects\PhpProject3\phpoofase2\public\paginas\cadastro.php on line 15
[30-Nov-2014 16:02:09 America/Sao_Paulo] PHP Notice:  Undefined variable: clientes in C:\Users\Giancarlo\Documents\NetBeansProjects\PhpProject3\phpoofase2\public\paginas\cadastro.php on line 15
[30-Nov-2014 16:02:09 America/Sao_Paulo] PHP Fatal error:  Call to a member function setTelContato() on a non-object in C:\Users\Giancarlo\Documents\NetBeansProjects\PhpProject3\phpoofase2\public\paginas\cadastro.php on line 15
[30-Nov-2014 16:03:31 America/Sao_Paulo] PHP Fatal error:  Call to a member function setCobrRua() on a non-object in C:\Users\Giancarlo\Documents\NetBeansProjects\PhpProject3\phpoofase2\public\paginas\cadastro.php on line 16
[30-Nov-2014 16:08:25 America/Sao_Paulo] PHP Notice:  Undefined variable: pessoa in C:\Users\Giancarlo\Documents\NetBeansProjects\PhpProject3\phpoofase2\public\paginas\cadastro.php on line 16
[30-Nov-2014 16:08:25 America/Sao_Paulo] PHP Fatal error:  Call to a member function setTelContato() on a non-object in C:\Users\Giancarlo\Documents\NetBeansProjects\PhpProject3\phpoofase2\public\paginas\cadastro.php on line 16
[30-Nov-2014 16:09:58 America/Sao_Paulo] PHP Warning:  Missing argument 1 for src\app\classes\Clientes::__construct(), called in C:\Users\Giancarlo\Documents\NetBeansProjects\PhpProject3\phpoofase2\public\paginas\cadastro.php on line 15 and defined in C:\Users\Giancarlo\Documents\NetBeansProjects\PhpProject3\phpoofase2\src\app\classes\Clientes.php on line 35
[30-Nov-2014 16:09:58 America/Sao_Paulo] PHP Warning:  Missing argument 2 for src\app\classes\Clientes::__construct(), called in C:\Users\Giancarlo\Documents\NetBeansProjects\PhpProject3\phpoofase2\public\paginas\cadastro.php on line 15 and defined in C:\Users\Giancarlo\Documents\NetBeansProjects\PhpProject3\phpoofase2\src\app\classes\Clientes.php on line 35
[30-Nov-2014 16:09:58 America/Sao_Paulo] PHP Warning:  Missing argument 3 for src\app\classes\Clientes::__construct(), called in C:\Users\Giancarlo\Documents\NetBeansProjects\PhpProject3\phpoofase2\public\paginas\cadastro.php on line 15 and defined in C:\Users\Giancarlo\Documents\NetBeansProjects\PhpProject3\phpoofase2\src\app\classes\Clientes.php on line 35
[30-Nov-2014 16:09:58 America/Sao_Paulo] PHP Warning:  Missing argument 4 for src\app\classes\Clientes::__construct(), called in C:\Users\Giancarlo\Documents\NetBeansProjects\PhpProject3\phpoofase2\public\paginas\cadastro.php on line 15 and defined in C:\Users\Giancarlo\Documents\NetBeansProjects\PhpProject3\phpoofase2\src\app\classes\Clientes.php on line 35
[30-Nov-2014 16:09:58 America/Sao_Paulo] PHP Warning:  Missing argument 5 for src\app\classes\Clientes::__construct(), called in C:\Users\Giancarlo\Documents\NetBeansProjects\PhpProject3\phpoofase2\public\paginas\cadastro.php on line 15 and defined in C:\Users\Giancarlo\Documents\NetBeansProjects\PhpProject3\phpoofase2\src\app\classes\Clientes.php on line 35
[30-Nov-2014 16:09:58 America/Sao_Paulo] PHP Warning:  Missing argument 6 for src\app\classes\Clientes::__construct(), called in C:\Users\Giancarlo\Documents\NetBeansProjects\PhpProject3\phpoofase2\public\paginas\cadastro.php on line 15 and defined in C:\Users\Giancarlo\Documents\NetBeansProjects\PhpProject3\phpoofase2\src\app\classes\Clientes.php on line 35
[30-Nov-2014 16:09:58 America/Sao_Paulo] PHP Warning:  Missing argument 7 for src\app\classes\Clientes::__construct(), called in C:\Users\Giancarlo\Documents\NetBeansProjects\PhpProject3\phpoofase2\public\paginas\cadastro.php on line 15 and defined in C:\Users\Giancarlo\Documents\NetBeansProjects\PhpProject3\phpoofase2\src\app\classes\Clientes.php on line 35
[30-Nov-2014 16:09:58 America/Sao_Paulo] PHP Warning:  Missing argument 8 for src\app\classes\Clientes::__construct(), called in C:\Users\Giancarlo\Documents\NetBeansProjects\PhpProject3\phpoofase2\public\paginas\cadastro.php on line 15 and defined in C:\Users\Giancarlo\Documents\NetBeansProjects\PhpProject3\phpoofase2\src\app\classes\Clientes.php on line 35
[30-Nov-2014 16:09:58 America/Sao_Paulo] PHP Warning:  Missing argument 9 for src\app\classes\Clientes::__construct(), called in C:\Users\Giancarlo\Documents\NetBeansProjects\PhpProject3\phpoofase2\public\paginas\cadastro.php on line 15 and defined in C:\Users\Giancarlo\Documents\NetBeansProjects\PhpProject3\phpoofase2\src\app\classes\Clientes.php on line 35
[30-Nov-2014 16:09:58 America/Sao_Paulo] PHP Warning:  Missing argument 10 for src\app\classes\Clientes::__construct(), called in C:\Users\Giancarlo\Documents\NetBeansProjects\PhpProject3\phpoofase2\public\paginas\cadastro.php on line 15 and defined in C:\Users\Giancarlo\Documents\NetBeansProjects\PhpProject3\phpoofase2\src\app\classes\Clientes.php on line 35
[30-Nov-2014 16:09:59 America/Sao_Paulo] PHP Warning:  Missing argument 11 for src\app\classes\Clientes::__construct(), called in C:\Users\Giancarlo\Documents\NetBeansProjects\PhpProject3\phpoofase2\public\paginas\cadastro.php on line 15 and defined in C:\Users\Giancarlo\Documents\NetBeansProjects\PhpProject3\phpoofase2\src\app\classes\Clientes.php on line 35
[30-Nov-2014 16:09:59 America/Sao_Paulo] PHP Warning:  Missing argument 12 for src\app\classes\Clientes::__construct(), called in C:\Users\Giancarlo\Documents\NetBeansProjects\PhpProject3\phpoofase2\public\paginas\cadastro.php on line 15 and defined in C:\Users\Giancarlo\Documents\NetBeansProjects\PhpProject3\phpoofase2\src\app\classes\Clientes.php on line 35
[30-Nov-2014 16:09:59 America/Sao_Paulo] PHP Warning:  Missing argument 13 for src\app\classes\Clientes::__construct(), called in C:\Users\Giancarlo\Documents\NetBeansProjects\PhpProject3\phpoofase2\public\paginas\cadastro.php on line 15 and defined in C:\Users\Giancarlo\Documents\NetBeansProjects\PhpProject3\phpoofase2\src\app\classes\Clientes.php on line 35
[30-Nov-2014 16:09:59 America/Sao_Paulo] PHP Notice:  Undefined variable: id in C:\Users\Giancarlo\Documents\NetBeansProjects\PhpProject3\phpoofase2\src\app\classes\Clientes.php on line 36
[30-Nov-2014 16:09:59 America/Sao_Paulo] PHP Notice:  Undefined variable: nome in C:\Users\Giancarlo\Documents\NetBeansProjects\PhpProject3\phpoofase2\src\app\classes\Clientes.php on line 37
[30-Nov-2014 16:09:59 America/Sao_Paulo] PHP Notice:  Undefined variable: sobrenome in C:\Users\Giancarlo\Documents\NetBeansProjects\PhpProject3\phpoofase2\src\app\classes\Clientes.php on line 38
[30-Nov-2014 16:09:59 America/Sao_Paulo] PHP Notice:  Undefined variable: cpf in C:\Users\Giancarlo\Documents\NetBeansProjects\PhpProject3\phpoofase2\src\app\classes\Clientes.php on line 39
[30-Nov-2014 16:09:59 America/Sao_Paulo] PHP Notice:  Undefined variable: PFouPJ in C:\Users\Giancarlo\Documents\NetBeansProjects\PhpProject3\phpoofase2\src\app\classes\Clientes.php on line 40
[30-Nov-2014 16:09:59 America/Sao_Paulo] PHP Notice:  Undefined variable: email in C:\Users\Giancarlo\Documents\NetBeansProjects\PhpProject3\phpoofase2\src\app\classes\Clientes.php on line 41
[30-Nov-2014 16:09:59 America/Sao_Paulo] PHP Notice:  Undefined variable: telefone in C:\Users\Giancarlo\Documents\NetBeansProjects\PhpProject3\phpoofase2\src\app\classes\Clientes.php on line 42
[30-Nov-2014 16:09:59 America/Sao_Paulo] PHP Notice:  Undefined variable: rua in C:\Users\Giancarlo\Documents\NetBeansProjects\PhpProject3\phpoofase2\src\app\classes\Clientes.php on line 43
[30-Nov-2014 16:09:59 America/Sao_Paulo] PHP Notice:  Undefined variable: numero in C:\Users\Giancarlo\Documents\NetBeansProjects\PhpProject3\phpoofase2\src\app\classes\Clientes.php on line 44
[30-Nov-2014 16:09:59 America/Sao_Paulo] PHP Notice:  Undefined variable: bairro in C:\Users\Giancarlo\Documents\NetBeansProjects\PhpProject3\phpoofase2\src\app\classes\Clientes.php on line 45
[30-Nov-2014 16:09:59 America/Sao_Paulo] PHP Notice:  Undefined variable: cidade in C:\Users\Giancarlo\Documents\NetBeansProjects\PhpProject3\phpoofase2\src\app\classes\Clientes.php on line 46
[30-Nov-2014 16:09:59 America/Sao_Paulo] PHP Notice:  Undefined variable: uf in C:\Users\Giancarlo\Documents\NetBeansProjects\PhpProject3\phpoofase2\src\app\classes\Clientes.php on line 47
[30-Nov-2014 16:09:59 America/Sao_Paulo] PHP Notice:  Undefined variable: grau in C:\Users\Giancarlo\Documents\NetBeansProjects\PhpProject3\phpoofase2\src\app\classes\Clientes.php on line 48
[30-Nov-2014 16:09:59 America/Sao_Paulo] PHP Notice:  Undefined variable: pessoa in C:\Users\Giancarlo\Documents\NetBeansProjects\PhpProject3\phpoofase2\public\paginas\cadastro.php on line 16
[30-Nov-2014 16:09:59 America/Sao_Paulo] PHP Fatal error:  Call to a member function setTelContato() on a non-object in C:\Users\Giancarlo\Documents\NetBeansProjects\PhpProject3\phpoofase2\public\paginas\cadastro.php on line 16
[30-Nov-2014 16:14:15 America/Sao_Paulo] PHP Warning:  Missing argument 1 for src\app\classes\Clientes::__construct(), called in C:\Users\Giancarlo\Documents\NetBeansProjects\PhpProject3\phpoofase2\public\paginas\cadastro.php on line 15 and defined in C:\Users\Giancarlo\Documents\NetBeansProjects\PhpProject3\phpoofase2\src\app\classes\Clientes.php on line 35
[30-Nov-2014 16:14:15 America/Sao_Paulo] PHP Warning:  Missing argument 2 for src\app\classes\Clientes::__construct(), called in C:\Users\Giancarlo\Documents\NetBeansProjects\PhpProject3\phpoofase2\public\paginas\cadastro.php on line 15 and defined in C:\Users\Giancarlo\Documents\NetBeansProjects\PhpProject3\phpoofase2\src\app\classes\Clientes.php on line 35
[30-Nov-2014 16:14:15 America/Sao_Paulo] PHP Warning:  Missing argument 3 for src\app\classes\Clientes::__construct(), called in C:\Users\Giancarlo\Documents\NetBeansProjects\PhpProject3\phpoofase2\public\paginas\cadastro.php on line 15 and defined in C:\Users\Giancarlo\Documents\NetBeansProjects\PhpProject3\phpoofase2\src\app\classes\Clientes.php on line 35
[30-Nov-2014 16:14:15 America/Sao_Paulo] PHP Warning:  Missing argument 4 for src\app\classes\Clientes::__construct(), called in C:\Users\Giancarlo\Documents\NetBeansProjects\PhpProject3\phpoofase2\public\paginas\cadastro.php on line 15 and defined in C:\Users\Giancarlo\Documents\NetBeansProjects\PhpProject3\phpoofase2\src\app\classes\Clientes.php on line 35
[30-Nov-2014 16:14:15 America/Sao_Paulo] PHP Warning:  Missing argument 5 for src\app\classes\Clientes::__construct(), called in C:\Users\Giancarlo\Documents\NetBeansProjects\PhpProject3\phpoofase2\public\paginas\cadastro.php on line 15 and defined in C:\Users\Giancarlo\Documents\NetBeansProjects\PhpProject3\phpoofase2\src\app\classes\Clientes.php on line 35
[30-Nov-2014 16:14:15 America/Sao_Paulo] PHP Warning:  Missing argument 6 for src\app\classes\Clientes::__construct(), called in C:\Users\Giancarlo\Documents\NetBeansProjects\PhpProject3\phpoofase2\public\paginas\cadastro.php on line 15 and defined in C:\Users\Giancarlo\Documents\NetBeansProjects\PhpProject3\phpoofase2\src\app\classes\Clientes.php on line 35
[30-Nov-2014 16:14:15 America/Sao_Paulo] PHP Warning:  Missing argument 7 for src\app\classes\Clientes::__construct(), called in C:\Users\Giancarlo\Documents\NetBeansProjects\PhpProject3\phpoofase2\public\paginas\cadastro.php on line 15 and defined in C:\Users\Giancarlo\Documents\NetBeansProjects\PhpProject3\phpoofase2\src\app\classes\Clientes.php on line 35
[30-Nov-2014 16:14:15 America/Sao_Paulo] PHP Warning:  Missing argument 8 for src\app\classes\Clientes::__construct(), called in C:\Users\Giancarlo\Documents\NetBeansProjects\PhpProject3\phpoofase2\public\paginas\cadastro.php on line 15 and defined in C:\Users\Giancarlo\Documents\NetBeansProjects\PhpProject3\phpoofase2\src\app\classes\Clientes.php on line 35
[30-Nov-2014 16:14:15 America/Sao_Paulo] PHP Warning:  Missing argument 9 for src\app\classes\Clientes::__construct(), called in C:\Users\Giancarlo\Documents\NetBeansProjects\PhpProject3\phpoofase2\public\paginas\cadastro.php on line 15 and defined in C:\Users\Giancarlo\Documents\NetBeansProjects\PhpProject3\phpoofase2\src\app\classes\Clientes.php on line 35
[30-Nov-2014 16:14:15 America/Sao_Paulo] PHP Warning:  Missing argument 10 for src\app\classes\Clientes::__construct(), called in C:\Users\Giancarlo\Documents\NetBeansProjects\PhpProject3\phpoofase2\public\paginas\cadastro.php on line 15 and defined in C:\Users\Giancarlo\Documents\NetBeansProjects\PhpProject3\phpoofase2\src\app\classes\Clientes.php on line 35
[30-Nov-2014 16:14:15 America/Sao_Paulo] PHP Warning:  Missing argument 11 for src\app\classes\Clientes::__construct(), called in C:\Users\Giancarlo\Documents\NetBeansProjects\PhpProject3\phpoofase2\public\paginas\cadastro.php on line 15 and defined in C:\Users\Giancarlo\Documents\NetBeansProjects\PhpProject3\phpoofase2\src\app\classes\Clientes.php on line 35
[30-Nov-2014 16:14:15 America/Sao_Paulo] PHP Warning:  Missing argument 12 for src\app\classes\Clientes::__construct(), called in C:\Users\Giancarlo\Documents\NetBeansProjects\PhpProject3\phpoofase2\public\paginas\cadastro.php on line 15 and defined in C:\Users\Giancarlo\Documents\NetBeansProjects\PhpProject3\phpoofase2\src\app\classes\Clientes.php on line 35
[30-Nov-2014 16:14:15 America/Sao_Paulo] PHP Warning:  Missing argument 13 for src\app\classes\Clientes::__construct(), called in C:\Users\Giancarlo\Documents\NetBeansProjects\PhpProject3\phpoofase2\public\paginas\cadastro.php on line 15 and defined in C:\Users\Giancarlo\Documents\NetBeansProjects\PhpProject3\phpoofase2\src\app\classes\Clientes.php on line 35
[30-Nov-2014 16:14:15 America/Sao_Paulo] PHP Notice:  Undefined variable: id in C:\Users\Giancarlo\Documents\NetBeansProjects\PhpProject3\phpoofase2\src\app\classes\Clientes.php on line 36
[30-Nov-2014 16:14:15 America/Sao_Paulo] PHP Notice:  Undefined variable: nome in C:\Users\Giancarlo\Documents\NetBeansProjects\PhpProject3\phpoofase2\src\app\classes\Clientes.php on line 37
[30-Nov-2014 16:14:15 America/Sao_Paulo] PHP Notice:  Undefined variable: sobrenome in C:\Users\Giancarlo\Documents\NetBeansProjects\PhpProject3\phpoofase2\src\app\classes\Clientes.php on line 38
[30-Nov-2014 16:14:15 America/Sao_Paulo] PHP Notice:  Undefined variable: cpf in C:\Users\Giancarlo\Documents\NetBeansProjects\PhpProject3\phpoofase2\src\app\classes\Clientes.php on line 39
[30-Nov-2014 16:14:15 America/Sao_Paulo] PHP Notice:  Undefined variable: PFouPJ in C:\Users\Giancarlo\Documents\NetBeansProjects\PhpProject3\phpoofase2\src\app\classes\Clientes.php on line 40
[30-Nov-2014 16:14:15 America/Sao_Paulo] PHP Notice:  Undefined variable: email in C:\Users\Giancarlo\Documents\NetBeansProjects\PhpProject3\phpoofase2\src\app\classes\Clientes.php on line 41
[30-Nov-2014 16:14:15 America/Sao_Paulo] PHP Notice:  Undefined variable: telefone in C:\Users\Giancarlo\Documents\NetBeansProjects\PhpProject3\phpoofase2\src\app\classes\Clientes.php on line 42
[30-Nov-2014 16:14:15 America/Sao_Paulo] PHP Notice:  Undefined variable: rua in C:\Users\Giancarlo\Documents\NetBeansProjects\PhpProject3\phpoofase2\src\app\classes\Clientes.php on line 43
[30-Nov-2014 16:14:15 America/Sao_Paulo] PHP Notice:  Undefined variable: numero in C:\Users\Giancarlo\Documents\NetBeansProjects\PhpProject3\phpoofase2\src\app\classes\Clientes.php on line 44
[30-Nov-2014 16:14:15 America/Sao_Paulo] PHP Notice:  Undefined variable: bairro in C:\Users\Giancarlo\Documents\NetBeansProjects\PhpProject3\phpoofase2\src\app\classes\Clientes.php on line 45
[30-Nov-2014 16:14:15 America/Sao_Paulo] PHP Notice:  Undefined variable: cidade in C:\Users\Giancarlo\Documents\NetBeansProjects\PhpProject3\phpoofase2\src\app\classes\Clientes.php on line 46
[30-Nov-2014 16:14:15 America/Sao_Paulo] PHP Notice:  Undefined variable: uf in C:\Users\Giancarlo\Documents\NetBeansProjects\PhpProject3\phpoofase2\src\app\classes\Clientes.php on line 47
[30-Nov-2014 16:14:15 America/Sao_Paulo] PHP Notice:  Undefined variable: grau in C:\Users\Giancarlo\Documents\NetBeansProjects\PhpProject3\phpoofase2\src\app\classes\Clientes.php on line 48
[30-Nov-2014 16:14:15 America/Sao_Paulo] PHP Notice:  Undefined variable: pessoa in C:\Users\Giancarlo\Documents\NetBeansProjects\PhpProject3\phpoofase2\public\paginas\cadastro.php on line 16
[30-Nov-2014 16:14:15 America/Sao_Paulo] PHP Fatal error:  Call to a member function setTelContato() on a non-object in C:\Users\Giancarlo\Documents\NetBeansProjects\PhpProject3\phpoofase2\public\paginas\cadastro.php on line 16
[30-Nov-2014 16:15:35 America/Sao_Paulo] PHP Parse error:  syntax error, unexpected 'private' (T_PRIVATE) in C:\Users\Giancarlo\Documents\NetBeansProjects\PhpProject3\phpoofase2\public\paginas\cadastro.php on line 28
[30-Nov-2014 16:17:56 America/Sao_Paulo] PHP Warning:  Missing argument 1 for src\app\classes\Clientes::__construct(), called in C:\Users\Giancarlo\Documents\NetBeansProjects\PhpProject3\phpoofase2\public\paginas\cadastro.php on line 15 and defined in C:\Users\Giancarlo\Documents\NetBeansProjects\PhpProject3\phpoofase2\src\app\classes\Clientes.php on line 35
[30-Nov-2014 16:17:56 America/Sao_Paulo] PHP Warning:  Missing argument 2 for src\app\classes\Clientes::__construct(), called in C:\Users\Giancarlo\Documents\NetBeansProjects\PhpProject3\phpoofase2\public\paginas\cadastro.php on line 15 and defined in C:\Users\Giancarlo\Documents\NetBeansProjects\PhpProject3\phpoofase2\src\app\classes\Clientes.php on line 35
[30-Nov-2014 16:17:56 America/Sao_Paulo] PHP Warning:  Missing argument 3 for src\app\classes\Clientes::__construct(), called in C:\Users\Giancarlo\Documents\NetBeansProjects\PhpProject3\phpoofase2\public\paginas\cadastro.php on line 15 and defined in C:\Users\Giancarlo\Documents\NetBeansProjects\PhpProject3\phpoofase2\src\app\classes\Clientes.php on line 35
[30-Nov-2014 16:17:56 America/Sao_Paulo] PHP Warning:  Missing argument 4 for src\app\classes\Clientes::__construct(), called in C:\Users\Giancarlo\Documents\NetBeansProjects\PhpProject3\phpoofase2\public\paginas\cadastro.php on line 15 and defined in C:\Users\Giancarlo\Documents\NetBeansProjects\PhpProject3\phpoofase2\src\app\classes\Clientes.php on line 35
[30-Nov-2014 16:17:56 America/Sao_Paulo] PHP Warning:  Missing argument 5 for src\app\classes\Clientes::__construct(), called in C:\Users\Giancarlo\Documents\NetBeansProjects\PhpProject3\phpoofase2\public\paginas\cadastro.php on line 15 and defined in C:\Users\Giancarlo\Documents\NetBeansProjects\PhpProject3\phpoofase2\src\app\classes\Clientes.php on line 35
[30-Nov-2014 16:17:56 America/Sao_Paulo] PHP Warning:  Missing argument 6 for src\app\classes\Clientes::__construct(), called in C:\Users\Giancarlo\Documents\NetBeansProjects\PhpProject3\phpoofase2\public\paginas\cadastro.php on line 15 and defined in C:\Users\Giancarlo\Documents\NetBeansProjects\PhpProject3\phpoofase2\src\app\classes\Clientes.php on line 35
[30-Nov-2014 16:17:57 America/Sao_Paulo] PHP Warning:  Missing argument 7 for src\app\classes\Clientes::__construct(), called in C:\Users\Giancarlo\Documents\NetBeansProjects\PhpProject3\phpoofase2\public\paginas\cadastro.php on line 15 and defined in C:\Users\Giancarlo\Documents\NetBeansProjects\PhpProject3\phpoofase2\src\app\classes\Clientes.php on line 35
[30-Nov-2014 16:17:57 America/Sao_Paulo] PHP Warning:  Missing argument 8 for src\app\classes\Clientes::__construct(), called in C:\Users\Giancarlo\Documents\NetBeansProjects\PhpProject3\phpoofase2\public\paginas\cadastro.php on line 15 and defined in C:\Users\Giancarlo\Documents\NetBeansProjects\PhpProject3\phpoofase2\src\app\classes\Clientes.php on line 35
[30-Nov-2014 16:17:57 America/Sao_Paulo] PHP Warning:  Missing argument 9 for src\app\classes\Clientes::__construct(), called in C:\Users\Giancarlo\Documents\NetBeansProjects\PhpProject3\phpoofase2\public\paginas\cadastro.php on line 15 and defined in C:\Users\Giancarlo\Documents\NetBeansProjects\PhpProject3\phpoofase2\src\app\classes\Clientes.php on line 35
[30-Nov-2014 16:17:57 America/Sao_Paulo] PHP Warning:  Missing argument 10 for src\app\classes\Clientes::__construct(), called in C:\Users\Giancarlo\Documents\NetBeansProjects\PhpProject3\phpoofase2\public\paginas\cadastro.php on line 15 and defined in C:\Users\Giancarlo\Documents\NetBeansProjects\PhpProject3\phpoofase2\src\app\classes\Clientes.php on line 35
[30-Nov-2014 16:17:57 America/Sao_Paulo] PHP Warning:  Missing argument 11 for src\app\classes\Clientes::__construct(), called in C:\Users\Giancarlo\Documents\NetBeansProjects\PhpProject3\phpoofase2\public\paginas\cadastro.php on line 15 and defined in C:\Users\Giancarlo\Documents\NetBeansProjects\PhpProject3\phpoofase2\src\app\classes\Clientes.php on line 35
[30-Nov-2014 16:17:57 America/Sao_Paulo] PHP Warning:  Missing argument 12 for src\app\classes\Clientes::__construct(), called in C:\Users\Giancarlo\Documents\NetBeansProjects\PhpProject3\phpoofase2\public\paginas\cadastro.php on line 15 and defined in C:\Users\Giancarlo\Documents\NetBeansProjects\PhpProject3\phpoofase2\src\app\classes\Clientes.php on line 35
[30-Nov-2014 16:17:57 America/Sao_Paulo] PHP Warning:  Missing argument 13 for src\app\classes\Clientes::__construct(), called in C:\Users\Giancarlo\Documents\NetBeansProjects\PhpProject3\phpoofase2\public\paginas\cadastro.php on line 15 and defined in C:\Users\Giancarlo\Documents\NetBeansProjects\PhpProject3\phpoofase2\src\app\classes\Clientes.php on line 35
[30-Nov-2014 16:17:57 America/Sao_Paulo] PHP Notice:  Undefined variable: id in C:\Users\Giancarlo\Documents\NetBeansProjects\PhpProject3\phpoofase2\src\app\classes\Clientes.php on line 36
[30-Nov-2014 16:17:57 America/Sao_Paulo] PHP Notice:  Undefined variable: nome in C:\Users\Giancarlo\Documents\NetBeansProjects\PhpProject3\phpoofase2\src\app\classes\Clientes.php on line 37
[30-Nov-2014 16:17:57 America/Sao_Paulo] PHP Notice:  Undefined variable: sobrenome in C:\Users\Giancarlo\Documents\NetBeansProjects\PhpProject3\phpoofase2\src\app\classes\Clientes.php on line 38
[30-Nov-2014 16:17:57 America/Sao_Paulo] PHP Notice:  Undefined variable: cpf in C:\Users\Giancarlo\Documents\NetBeansProjects\PhpProject3\phpoofase2\src\app\classes\Clientes.php on line 39
[30-Nov-2014 16:17:57 America/Sao_Paulo] PHP Notice:  Undefined variable: PFouPJ in C:\Users\Giancarlo\Documents\NetBeansProjects\PhpProject3\phpoofase2\src\app\classes\Clientes.php on line 40
[30-Nov-2014 16:17:57 America/Sao_Paulo] PHP Notice:  Undefined variable: email in C:\Users\Giancarlo\Documents\NetBeansProjects\PhpProject3\phpoofase2\src\app\classes\Clientes.php on line 41
[30-Nov-2014 16:17:57 America/Sao_Paulo] PHP Notice:  Undefined variable: telefone in C:\Users\Giancarlo\Documents\NetBeansProjects\PhpProject3\phpoofase2\src\app\classes\Clientes.php on line 42
[30-Nov-2014 16:17:57 America/Sao_Paulo] PHP Notice:  Undefined variable: rua in C:\Users\Giancarlo\Documents\NetBeansProjects\PhpProject3\phpoofase2\src\app\classes\Clientes.php on line 43
[30-Nov-2014 16:17:57 America/Sao_Paulo] PHP Notice:  Undefined variable: numero in C:\Users\Giancarlo\Documents\NetBeansProjects\PhpProject3\phpoofase2\src\app\classes\Clientes.php on line 44
[30-Nov-2014 16:17:57 America/Sao_Paulo] PHP Notice:  Undefined variable: bairro in C:\Users\Giancarlo\Documents\NetBeansProjects\PhpProject3\phpoofase2\src\app\classes\Clientes.php on line 45
[30-Nov-2014 16:17:57 America/Sao_Paulo] PHP Notice:  Undefined variable: cidade in C:\Users\Giancarlo\Documents\NetBeansProjects\PhpProject3\phpoofase2\src\app\classes\Clientes.php on line 46
[30-Nov-2014 16:17:57 America/Sao_Paulo] PHP Notice:  Undefined variable: uf in C:\Users\Giancarlo\Documents\NetBeansProjects\PhpProject3\phpoofase2\src\app\classes\Clientes.php on line 47
[30-Nov-2014 16:17:57 America/Sao_Paulo] PHP Notice:  Undefined variable: grau in C:\Users\Giancarlo\Documents\NetBeansProjects\PhpProject3\phpoofase2\src\app\classes\Clientes.php on line 48
[30-Nov-2014 16:17:57 America/Sao_Paulo] PHP Fatal error:  Call to a member function setCobrRua() on a non-object in C:\Users\Giancarlo\Documents\NetBeansProjects\PhpProject3\phpoofase2\public\paginas\cadastro.php on line 17
[30-Nov-2014 16:18:42 America/Sao_Paulo] PHP Fatal error:  Call to a member function setCobrRua() on a non-object in C:\Users\Giancarlo\Documents\NetBeansProjects\PhpProject3\phpoofase2\public\paginas\cadastro.php on line 15
[30-Nov-2014 16:19:28 America/Sao_Paulo] PHP Fatal error:  Call to a member function setCobrRua() on a non-object in C:\Users\Giancarlo\Documents\NetBeansProjects\PhpProject3\phpoofase2\public\paginas\cadastro.php on line 15
[30-Nov-2014 16:20:32 America/Sao_Paulo] PHP Notice:  Undefined property: src\app\classes\clientesPF::$cobrCep in C:\Users\Giancarlo\Documents\NetBeansProjects\PhpProject3\phpoofase2\src\app\classes\clientesPF.php on line 52
[30-Nov-2014 16:20:32 America/Sao_Paulo] PHP Notice:  Undefined property: src\app\classes\clientesPF::$cobrMunicipio in C:\Users\Giancarlo\Documents\NetBeansProjects\PhpProject3\phpoofase2\src\app\classes\clientesPF.php on line 56
[30-Nov-2014 16:23:55 America/Sao_Paulo] PHP Fatal error:  Call to undefined method src\app\classes\clientesPF::setCelular() in C:\Users\Giancarlo\Documents\NetBeansProjects\PhpProject3\phpoofase2\public\paginas\cadastro.php on line 14
[30-Nov-2014 16:24:27 America/Sao_Paulo] PHP Fatal error:  Call to undefined method src\app\classes\clientesPF::setCelular() in C:\Users\Giancarlo\Documents\NetBeansProjects\PhpProject3\phpoofase2\public\paginas\cadastro.php on line 14
[30-Nov-2014 16:24:53 America/Sao_Paulo] PHP Notice:  Undefined offset: 1 in C:\Users\Giancarlo\Documents\NetBeansProjects\PhpProject3\phpoofase2\public\paginas\cadastro.php on line 14
[30-Nov-2014 16:24:53 America/Sao_Paulo] PHP Fatal error:  Call to a member function setCelular() on a non-object in C:\Users\Giancarlo\Documents\NetBeansProjects\PhpProject3\phpoofase2\public\paginas\cadastro.php on line 14
[30-Nov-2014 16:50:35 America/Sao_Paulo] PHP Notice:  Undefined offset: 1 in C:\Users\Giancarlo\Documents\NetBeansProjects\PhpProject3\phpoofase2\public\paginas\cadastro.php on line 13
[30-Nov-2014 16:50:35 America/Sao_Paulo] PHP Fatal error:  Call to a member function setCelular() on a non-object in C:\Users\Giancarlo\Documents\NetBeansProjects\PhpProject3\phpoofase2\public\paginas\cadastro.php on line 13
[30-Nov-2014 16:50:57 America/Sao_Paulo] PHP Fatal error:  Call to undefined method src\app\classes\clientesPF::setCelular() in C:\Users\Giancarlo\Documents\NetBeansProjects\PhpProject3\phpoofase2\public\paginas\cadastro.php on line 13
[30-Nov-2014 17:02:49 America/Sao_Paulo] PHP Notice:  Undefined variable: id in C:\Users\Giancarlo\Documents\NetBeansProjects\PhpProject3\phpoofase2\public\paginas\cadastro.php on line 14
[30-Nov-2014 17:02:49 America/Sao_Paulo] PHP Notice:  Undefined variable: nome in C:\Users\Giancarlo\Documents\NetBeansProjects\PhpProject3\phpoofase2\public\paginas\cadastro.php on line 14
[30-Nov-2014 17:02:49 America/Sao_Paulo] PHP Notice:  Undefined variable: sobrenome in C:\Users\Giancarlo\Documents\NetBeansProjects\PhpProject3\phpoofase2\public\paginas\cadastro.php on line 14
[30-Nov-2014 17:02:49 America/Sao_Paulo] PHP Notice:  Undefined variable: cpf in C:\Users\Giancarlo\Documents\NetBeansProjects\PhpProject3\phpoofase2\public\paginas\cadastro.php on line 14
[30-Nov-2014 17:02:49 America/Sao_Paulo] PHP Notice:  Undefined variable: PFouPJ in C:\Users\Giancarlo\Documents\NetBeansProjects\PhpProject3\phpoofase2\public\paginas\cadastro.php on line 14
[30-Nov-2014 17:02:49 America/Sao_Paulo] PHP Notice:  Undefined variable: email in C:\Users\Giancarlo\Documents\NetBeansProjects\PhpProject3\phpoofase2\public\paginas\cadastro.php on line 14
[30-Nov-2014 17:02:49 America/Sao_Paulo] PHP Notice:  Undefined variable: telefone in C:\Users\Giancarlo\Documents\NetBeansProjects\PhpProject3\phpoofase2\public\paginas\cadastro.php on line 14
[30-Nov-2014 17:02:49 America/Sao_Paulo] PHP Notice:  Undefined variable: rua in C:\Users\Giancarlo\Documents\NetBeansProjects\PhpProject3\phpoofase2\public\paginas\cadastro.php on line 14
[30-Nov-2014 17:02:49 America/Sao_Paulo] PHP Notice:  Undefined variable: numero in C:\Users\Giancarlo\Documents\NetBeansProjects\PhpProject3\phpoofase2\public\paginas\cadastro.php on line 14
[30-Nov-2014 17:02:49 America/Sao_Paulo] PHP Notice:  Undefined variable: bairro in C:\Users\Giancarlo\Documents\NetBeansProjects\PhpProject3\phpoofase2\public\paginas\cadastro.php on line 14
[30-Nov-2014 17:02:49 America/Sao_Paulo] PHP Notice:  Undefined variable: cidade in C:\Users\Giancarlo\Documents\NetBeansProjects\PhpProject3\phpoofase2\public\paginas\cadastro.php on line 14
[30-Nov-2014 17:02:49 America/Sao_Paulo] PHP Notice:  Undefined variable: uf in C:\Users\Giancarlo\Documents\NetBeansProjects\PhpProject3\phpoofase2\public\paginas\cadastro.php on line 14
[30-Nov-2014 17:02:49 America/Sao_Paulo] PHP Notice:  Undefined variable: grau in C:\Users\Giancarlo\Documents\NetBeansProjects\PhpProject3\phpoofase2\public\paginas\cadastro.php on line 14
[30-Nov-2014 17:02:49 America/Sao_Paulo] PHP Fatal error:  Call to a member function setCobrNumero() on a non-object in C:\Users\Giancarlo\Documents\NetBeansProjects\PhpProject3\phpoofase2\public\paginas\cadastro.php on line 17
[30-Nov-2014 17:05:00 America/Sao_Paulo] PHP Fatal error:  Call to a member function setCobrNumero() on a non-object in C:\Users\Giancarlo\Documents\NetBeansProjects\PhpProject3\phpoofase2\public\paginas\cadastro.php on line 13
[30-Nov-2014 17:05:45 America/Sao_Paulo] PHP Fatal error:  Call to a member function setCobrRua() on a non-object in C:\Users\Giancarlo\Documents\NetBeansProjects\PhpProject3\phpoofase2\public\paginas\cadastro.php on line 13
[30-Nov-2014 17:06:23 America/Sao_Paulo] PHP Fatal error:  Cannot use object of type src\app\classes\clientesPF as array in C:\Users\Giancarlo\Documents\NetBeansProjects\PhpProject3\phpoofase2\public\paginas\cadastro.php on line 12
[30-Nov-2014 17:36:25 America/Sao_Paulo] PHP Fatal error:  Class 'Clientes' not found in C:\Users\Giancarlo\Documents\NetBeansProjects\PhpProject3\phpoofase2\public\paginas\cadastro.php on line 11
